SET name PyKV
DEL name
SET key300 value300
SET key500 value500
SET key0 value0
SET key600 value600
SET key100 value100
SET key700 value700
SET key200 value200
SET key900 value900
SET key501 value501
SET key301 value301
SET key400 value400
SET key800 value800
SET key601 value601
SET key401 value401
SET key1 value1
SET key302 value302
SET key201 value201
SET key101 value101
SET key901 value901
SET key502 value502
SET key701 value701
SET key801 value801
SET key102 value102
SET key202 value202
SET key303 value303
SET key2 value2
SET key402 value402
SET key602 value602
SET key902 value902
SET key503 value503
SET key702 value702
SET key304 value304
SET key203 value203
SET key3 value3
SET key103 value103
SET key802 value802
SET key603 value603
SET key403 value403
SET key903 value903
SET key504 value504
SET key703 value703
SET key104 value104
SET key404 value404
SET key4 value4
SET key803 value803
SET key204 value204
SET key904 value904
SET key305 value305
SET key604 value604
SET key704 value704
SET key505 value505
SET key105 value105
SET key405 value405
SET key5 value5
SET key804 value804
SET key205 value205
SET key306 value306
SET key106 value106
SET key905 value905
SET key705 value705
SET key605 value605
SET key6 value6
SET key506 value506
SET key406 value406
SET key805 value805
SET key206 value206
SET key706 value706
SET key307 value307
SET key906 value906
SET key107 value107
SET key507 value507
SET key606 value606
SET key806 value806
SET key7 value7
SET key407 value407
SET key907 value907
SET key207 value207
SET key308 value308
SET key707 value707
SET key108 value108
SET key508 value508
SET key807 value807
SET key908 value908
SET key8 value8
SET key208 value208
SET key408 value408
SET key607 value607
SET key109 value109
SET key509 value509
SET key708 value708
SET key309 value309
SET key808 value808
SET key9 value9
SET key909 value909
SET key209 value209
SET key608 value608
SET key409 value409
SET key809 value809
SET key110 value110
SET key510 value510
SET key709 value709
SET key310 value310
SET key910 value910
SET key10 value10
SET key609 value609
SET key410 value410
SET key210 value210
SET key810 value810
SET key111 value111
SET key311 value311
SET key511 value511
SET key710 value710
SET key11 value11
SET key911 value911
SET key112 value112
SET key312 value312
SET key610 value610
SET key811 value811
SET key711 value711
SET key411 value411
SET key211 value211
SET key512 value512
SET key12 value12
SET key912 value912
SET key412 value412
SET key113 value113
SET key611 value611
SET key313 value313
SET key712 value712
SET key812 value812
SET key513 value513
SET key13 value13
SET key212 value212
SET key913 value913
SET key713 value713
SET key314 value314
SET key612 value612
SET key813 value813
SET key413 value413
SET key114 value114
SET key514 value514
SET key613 value613
SET key714 value714
SET key814 value814
SET key213 value213
SET key914 value914
SET key315 value315
SET key14 value14
SET key115 value115
SET key414 value414
SET key715 value715
SET key214 value214
SET key815 value815
SET key614 value614
SET key515 value515
SET key116 value116
SET key915 value915
SET key15 value15
SET key316 value316
SET key816 value816
SET key415 value415
SET key215 value215
SET key716 value716
SET key516 value516
SET key16 value16
SET key117 value117
SET key916 value916
SET key615 value615
SET key317 value317
SET key817 value817
SET key416 value416
SET key17 value17
SET key717 value717
SET key517 value517
SET key216 value216
SET key118 value118
SET key616 value616
SET key318 value318
SET key917 value917
SET key417 value417
SET key718 value718
SET key18 value18
SET key518 value518
SET key818 value818
SET key319 value319
SET key617 value617
SET key119 value119
SET key217 value217
SET key719 value719
SET key19 value19
SET key418 value418
SET key918 value918
SET key819 value819
SET key120 value120
SET key618 value618
SET key320 value320
SET key519 value519
SET key419 value419
SET key720 value720
SET key20 value20
SET key218 value218
SET key919 value919
SET key619 value619
SET key820 value820
SET key121 value121
SET key420 value420
SET key721 value721
SET key520 value520
SET key321 value321
SET key620 value620
SET key219 value219
SET key21 value21
SET key920 value920
SET key421 value421
SET key521 value521
SET key722 value722
SET key122 value122
SET key821 value821
SET key621 value621
SET key220 value220
SET key322 value322
SET key22 value22
SET key123 value123
SET key522 value522
SET key723 value723
SET key921 value921
SET key422 value422
SET key822 value822
SET key221 value221
SET key622 value622
SET key724 value724
SET key523 value523
SET key23 value23
SET key124 value124
SET key323 value323
SET key423 value423
SET key823 value823
SET key922 value922
SET key524 value524
SET key725 value725
SET key222 value222
SET key623 value623
SET key324 value324
SET key24 value24
SET key125 value125
SET key424 value424
SET key923 value923
SET key824 value824
SET key726 value726
SET key223 value223
SET key525 value525
SET key624 value624
SET key25 value25
SET key325 value325
SET key126 value126
SET key425 value425
SET key825 value825
SET key924 value924
SET key727 value727
SET key625 value625
SET key224 value224
SET key526 value526
SET key26 value26
SET key127 value127
SET key326 value326
SET key826 value826
SET key426 value426
SET key728 value728
SET key925 value925
SET key626 value626
SET key327 value327
SET key527 value527
SET key128 value128
SET key27 value27
SET key827 value827
SET key729 value729
SET key926 value926
SET key627 value627
SET key427 value427
SET key28 value28
SET key225 value225
SET key828 value828
SET key129 value129
SET key328 value328
SET key730 value730
SET key628 value628
SET key528 value528
SET key29 value29
SET key428 value428
SET key927 value927
SET key226 value226
SET key829 value829
SET key329 value329
SET key130 value130
SET key629 value629
SET key529 value529
SET key30 value30
SET key731 value731
SET key830 value830
SET key928 value928
SET key429 value429
SET key131 value131
SET key530 value530
SET key330 value330
SET key227 value227
SET key732 value732
SET key630 value630
SET key831 value831
SET key331 value331
SET key31 value31
SET key929 value929
SET key132 value132
SET key531 value531
SET key228 value228
SET key631 value631
SET key832 value832
SET key733 value733
SET key133 value133
SET key332 value332
SET key32 value32
SET key930 value930
SET key632 value632
SET key532 value532
SET key430 value430
SET key333 value333
SET key833 value833
SET key134 value134
SET key229 value229
SET key931 value931
SET key33 value33
SET key533 value533
SET key734 value734
SET key633 value633
SET key431 value431
SET key334 value334
SET key834 value834
SET key135 value135
SET key230 value230
SET key932 value932
SET key735 value735
SET key634 value634
SET key34 value34
SET key534 value534
SET key335 value335
SET key432 value432
SET key835 value835
SET key231 value231
SET key933 value933
SET key136 value136
SET key35 value35
SET key635 value635
SET key736 value736
SET key336 value336
SET key433 value433
SET key836 value836
SET key232 value232
SET key535 value535
SET key934 value934
SET key636 value636
SET key137 value137
SET key36 value36
SET key737 value737
SET key837 value837
SET key434 value434
SET key337 value337
SET key935 value935
SET key233 value233
SET key536 value536
SET key637 value637
SET key738 value738
SET key138 value138
SET key37 value37
SET key838 value838
SET key435 value435
SET key537 value537
SET key936 value936
SET key739 value739
SET key338 value338
SET key139 value139
SET key234 value234
SET key38 value38
SET key538 value538
SET key638 value638
SET key839 value839
SET key339 value339
SET key740 value740
SET key937 value937
SET key39 value39
SET key235 value235
SET key140 value140
SET key436 value436
SET key539 value539
SET key639 value639
SET key840 value840
SET key340 value340
SET key741 value741
SET key938 value938
SET key40 value40
SET key141 value141
SET key236 value236
SET key841 value841
SET key437 value437
SET key142 value142
SET key742 value742
SET key640 value640
SET key540 value540
SET key341 value341
SET key41 value41
SET key939 value939
SET key237 value237
SET key842 value842
SET key438 value438
SET key641 value641
SET key143 value143
SET key743 value743
SET key541 value541
SET key42 value42
SET key940 value940
SET key439 value439
SET key342 value342
SET key843 value843
SET key238 value238
SET key144 value144
SET key542 value542
SET key642 value642
SET key941 value941
SET key744 value744
SET key343 value343
SET key43 value43
SET key440 value440
SET key844 value844
SET key145 value145
SET key543 value543
SET key44 value44
SET key942 value942
SET key745 value745
SET key239 value239
SET key344 value344
SET key643 value643
SET key845 value845
SET key441 value441
SET key544 value544
SET key45 value45
SET key943 value943
SET key146 value146
SET key345 value345
SET key240 value240
SET key746 value746
SET key644 value644
SET key846 value846
SET key545 value545
SET key442 value442
SET key46 value46
SET key147 value147
SET key346 value346
SET key944 value944
SET key847 value847
SET key747 value747
SET key645 value645
SET key241 value241
SET key47 value47
SET key443 value443
SET key546 value546
SET key347 value347
SET key148 value148
SET key945 value945
SET key748 value748
SET key848 value848
SET key48 value48
SET key646 value646
SET key242 value242
SET key547 value547
SET key444 value444
SET key348 value348
SET key946 value946
SET key149 value149
SET key49 value49
SET key749 value749
SET key243 value243
SET key647 value647
SET key849 value849
SET key445 value445
SET key548 value548
SET key349 value349
SET key947 value947
SET key150 value150
SET key750 value750
SET key50 value50
SET key850 value850
SET key549 value549
SET key446 value446
SET key244 value244
SET key648 value648
SET key350 value350
SET key151 value151
SET key948 value948
SET key51 value51
SET key447 value447
SET key550 value550
SET key851 value851
SET key751 value751
SET key152 value152
SET key649 value649
SET key245 value245
SET key351 value351
SET key52 value52
SET key448 value448
SET key852 value852
SET key949 value949
SET key551 value551
SET key246 value246
SET key650 value650
SET key153 value153
SET key752 value752
SET key53 value53
SET key449 value449
SET key853 value853
SET key352 value352
SET key154 value154
SET key552 value552
SET key651 value651
SET key950 value950
SET key247 value247
SET key54 value54
SET key753 value753
SET key450 value450
SET key155 value155
SET key652 value652
SET key553 value553
SET key854 value854
SET key353 value353
SET key951 value951
SET key55 value55
SET key248 value248
SET key754 value754
SET key451 value451
SET key653 value653
SET key554 value554
SET key156 value156
SET key354 value354
SET key855 value855
SET key952 value952
SET key56 value56
SET key249 value249
SET key355 value355
SET key157 value157
SET key555 value555
SET key452 value452
SET key856 value856
SET key654 value654
SET key755 value755
SET key953 value953
SET key158 value158
SET key857 value857
SET key556 value556
SET key250 value250
SET key453 value453
SET key356 value356
SET key57 value57
SET key756 value756
SET key655 value655
SET key251 value251
SET key954 value954
SET key159 value159
SET key557 value557
SET key858 value858
SET key454 value454
SET key58 value58
SET key357 value357
SET key955 value955
SET key252 value252
SET key656 value656
SET key757 value757
SET key160 value160
SET key455 value455
SET key859 value859
SET key558 value558
SET key358 value358
SET key956 value956
SET key59 value59
SET key161 value161
SET key758 value758
SET key657 value657
SET key253 value253
SET key359 value359
SET key559 value559
SET key860 value860
SET key456 value456
SET key957 value957
SET key759 value759
SET key162 value162
SET key60 value60
SET key254 value254
SET key658 value658
SET key560 value560
SET key360 value360
SET key457 value457
SET key861 value861
SET key958 value958
SET key561 value561
SET key163 value163
SET key760 value760
SET key659 value659
SET key61 value61
SET key255 value255
SET key361 value361
SET key862 value862
SET key458 value458
SET key562 value562
SET key959 value959
SET key660 value660
SET key164 value164
SET key761 value761
SET key62 value62
SET key863 value863
SET key256 value256
SET key362 value362
SET key459 value459
SET key563 value563
SET key960 value960
SET key661 value661
SET key63 value63
SET key864 value864
SET key762 value762
SET key257 value257
SET key165 value165
SET key564 value564
SET key363 value363
SET key460 value460
SET key865 value865
SET key662 value662
SET key763 value763
SET key64 value64
SET key961 value961
SET key565 value565
SET key166 value166
SET key258 value258
SET key364 value364
SET key866 value866
SET key663 value663
SET key461 value461
SET key764 value764
SET key962 value962
SET key167 value167
SET key566 value566
SET key65 value65
SET key664 value664
SET key867 value867
SET key259 value259
SET key765 value765
SET key462 value462
SET key365 value365
SET key567 value567
SET key963 value963
SET key168 value168
SET key260 value260
SET key868 value868
SET key665 value665
SET key66 value66
SET key366 value366
SET key568 value568
SET key766 value766
SET key169 value169
SET key463 value463
SET key869 value869
SET key964 value964
SET key666 value666
SET key261 value261
SET key767 value767
SET key367 value367
SET key67 value67
SET key870 value870
SET key569 value569
SET key965 value965
SET key170 value170
SET key368 value368
SET key667 value667
SET key464 value464
SET key262 value262
SET key768 value768
SET key68 value68
SET key570 value570
SET key966 value966
SET key668 value668
SET key871 value871
SET key171 value171
SET key369 value369
SET key769 value769
SET key263 value263
SET key69 value69
SET key465 value465
SET key967 value967
SET key669 value669
SET key770 value770
SET key571 value571
SET key172 value172
SET key872 value872
SET key264 value264
SET key968 value968
SET key370 value370
SET key771 value771
SET key466 value466
SET key969 value969
SET key173 value173
SET key70 value70
SET key265 value265
SET key670 value670
SET key371 value371
SET key873 value873
SET key572 value572
SET key467 value467
SET key772 value772
SET key671 value671
SET key71 value71
SET key174 value174
SET key970 value970
SET key266 value266
SET key672 value672
SET key573 value573
SET key468 value468
SET key372 value372
SET key773 value773
SET key874 value874
SET key72 value72
SET key971 value971
SET key267 value267
SET key469 value469
SET key175 value175
SET key673 value673
SET key574 value574
SET key73 value73
SET key774 value774
SET key875 value875
SET key972 value972
SET key268 value268
SET key470 value470
SET key176 value176
SET key575 value575
SET key674 value674
SET key373 value373
SET key74 value74
SET key876 value876
SET key576 value576
SET key775 value775
SET key177 value177
SET key973 value973
SET key471 value471
SET key675 value675
SET key269 value269
SET key877 value877
SET key75 value75
SET key776 value776
SET key374 value374
SET key577 value577
SET key974 value974
SET key178 value178
SET key472 value472
SET key676 value676
SET key76 value76
SET key878 value878
SET key270 value270
SET key777 value777
SET key473 value473
SET key975 value975
SET key179 value179
SET key375 value375
SET key677 value677
SET key578 value578
SET key77 value77
SET key879 value879
SET key474 value474
SET key976 value976
SET key778 value778
SET key376 value376
SET key271 value271
SET key180 value180
SET key678 value678
SET key579 value579
SET key880 value880
SET key977 value977
SET key78 value78
SET key779 value779
SET key377 value377
SET key181 value181
SET key475 value475
SET key978 value978
SET key272 value272
SET key580 value580
SET key679 value679
SET key881 value881
SET key79 value79
SET key780 value780
SET key182 value182
SET key979 value979
SET key581 value581
SET key273 value273
SET key476 value476
SET key378 value378
SET key781 value781
SET key80 value80
SET key680 value680
SET key882 value882
SET key183 value183
SET key980 value980
SET key582 value582
SET key477 value477
SET key379 value379
SET key274 value274
SET key81 value81
SET key782 value782
SET key681 value681
SET key883 value883
SET key478 value478
SET key184 value184
SET key583 value583
SET key981 value981
SET key783 value783
SET key380 value380
SET key82 value82
SET key275 value275
SET key682 value682
SET key479 value479
SET key584 value584
SET key185 value185
SET key884 value884
SET key381 value381
SET key276 value276
SET key784 value784
SET key83 value83
SET key982 value982
SET key480 value480
SET key683 value683
SET key382 value382
SET key585 value585
SET key186 value186
SET key885 value885
SET key785 value785
SET key684 value684
SET key84 value84
SET key383 value383
SET key481 value481
SET key983 value983
SET key277 value277
SET key586 value586
SET key886 value886
SET key187 value187
SET key685 value685
SET key85 value85
SET key786 value786
SET key384 value384
SET key482 value482
SET key984 value984
SET key587 value587
SET key278 value278
SET key188 value188
SET key887 value887
SET key86 value86
SET key483 value483
SET key985 value985
SET key787 value787
SET key686 value686
SET key385 value385
SET key588 value588
SET key279 value279
SET key189 value189
SET key888 value888
SET key87 value87
SET key484 value484
SET key788 value788
SET key589 value589
SET key986 value986
SET key687 value687
SET key386 value386
SET key280 value280
SET key190 value190
SET key485 value485
SET key789 value789
SET key889 value889
SET key88 value88
SET key987 value987
SET key590 value590
SET key387 value387
SET key688 value688
SET key486 value486
SET key191 value191
SET key281 value281
SET key790 value790
SET key890 value890
SET key89 value89
SET key988 value988
SET key591 value591
SET key689 value689
SET key487 value487
SET key388 value388
SET key282 value282
SET key192 value192
SET key891 value891
SET key989 value989
SET key90 value90
SET key791 value791
SET key592 value592
SET key488 value488
SET key690 value690
SET key892 value892
SET key283 value283
SET key193 value193
SET key389 value389
SET key990 value990
SET key792 value792
SET key91 value91
SET key593 value593
SET key489 value489
SET key691 value691
SET key893 value893
SET key991 value991
SET key284 value284
SET key390 value390
SET key194 value194
SET key594 value594
SET key894 value894
SET key793 value793
SET key92 value92
SET key992 value992
SET key692 value692
SET key490 value490
SET key595 value595
SET key195 value195
SET key895 value895
SET key794 value794
SET key993 value993
SET key285 value285
SET key391 value391
SET key693 value693
SET key93 value93
SET key896 value896
SET key491 value491
SET key596 value596
SET key795 value795
SET key392 value392
SET key196 value196
SET key994 value994
SET key286 value286
SET key694 value694
SET key597 value597
SET key94 value94
SET key897 value897
SET key492 value492
SET key796 value796
SET key393 value393
SET key197 value197
SET key995 value995
SET key898 value898
SET key695 value695
SET key287 value287
SET key797 value797
SET key493 value493
SET key598 value598
SET key95 value95
SET key899 value899
SET key394 value394
SET key996 value996
SET key198 value198
SET key494 value494
SET key288 value288
SET key798 value798
SET key696 value696
SET key997 value997
SET key395 value395
SET key96 value96
SET key495 value495
SET key199 value199
SET key599 value599
SET key998 value998
SET key289 value289
SET key799 value799
SET key697 value697
SET key396 value396
SET key97 value97
SET key496 value496
SET key290 value290
SET key999 value999
SET key698 value698
SET key397 value397
SET key98 value98
SET key497 value497
SET key291 value291
SET key99 value99
SET key699 value699
SET key398 value398
SET key498 value498
SET key292 value292
SET key499 value499
SET key399 value399
SET key293 value293
SET key294 value294
SET key295 value295
SET key296 value296
SET key297 value297
SET key298 value298
SET key299 value299
SET pykv Key Value Store
SET city Hyderabad
SET college CBIT
SET course AI & Data Science
DEL college
SET language Python
SET language Python
SET A 1
SET B 2
SET B 2
SET C 3
